<?xml version="1.0" encoding="UTF-8"?>
<!-- Generated by org.testng.reporters.JUnitXMLReporter -->
<testsuite ignored="0" hostname="MuraliKrishna" failures="1" tests="27" name="Test" time="357.986" errors="0" timestamp="2025-09-13T22:35:00 IST">
  <testcase classname="com.ecommerce.tests.ProductQuantityInCartTest" name="verifyProductQuantityAndAddToCart" time="6.517"/>
  <testcase classname="com.ecommerce.tests.SearchProductsAndVerifyCartAfterLoginTest" name="searchProducts_AddToCart_VerifyPersistenceAfterLogin" time="10.199">
    <failure type="java.lang.AssertionError" message="Cart product count mismatch after login expected [4] but found [3]">
      <![CDATA[java.lang.AssertionError: Cart product count mismatch after login expected [4] but found [3]
at com.ecommerce.tests.SearchProductsAndVerifyCartAfterLoginTest.searchProducts_AddToCart_VerifyPersistenceAfterLogin(SearchProductsAndVerifyCartAfterLoginTest.java:82)
at java.base/java.util.ArrayList.forEach(ArrayList.java:1597)
at java.base/java.util.concurrent.FutureTask.run(FutureTask.java:317)
at java.base/java.util.concurrent.ThreadPoolExecutor.runWorker(ThreadPoolExecutor.java:1144)
at java.base/java.util.concurrent.ThreadPoolExecutor$Worker.run(ThreadPoolExecutor.java:642)
at java.base/java.lang.Thread.run(Thread.java:1575)
... Removed 21 stack frames]]>
    </failure>
  </testcase> <!-- searchProducts_AddToCart_VerifyPersistenceAfterLogin -->
  <testcase classname="com.ecommerce.tests.ProductsSearchTest" name="verifySearchProducts" time="6.155"/>
  <testcase classname="com.ecommerce.tests.SubscriptionInHomeTest" name="verifySubscribeFlowInHome" time="1.695"/>
  <testcase classname="com.ecommerce.tests.ContactUsTest" name="verifyContactUsFormSubmission" time="5.152"/>
  <testcase classname="com.ecommerce.tests.VerifyPlaceOrderRegistrationBeforeCheckoutTest" name="verifyPlaceOrderAfterSuccessfulRegistration" time="21.752"/>
  <testcase classname="com.ecommerce.tests.VerifyPageScrollDownAndUpFunctionalityWithoutUpArrowTest" name="verifyPageScrollDownAndUpWithoutUpArrow" time="2.134"/>
  <testcase classname="com.ecommerce.tests.PlaceOrderWithLoginBeforeCheckoutTest" name="verifyPlaceOrderAfterLoginBeforeCheckout" time="14.764"/>
  <testcase classname="com.ecommerce.tests.SignupTest" name="verifyNewUserSignup" time="7.616"/>
  <testcase classname="com.ecommerce.tests.VerifyCategoryProductsViewTest" name="verifyWomenDressCategoryNavigation" time="2.683"/>
  <testcase classname="com.ecommerce.tests.SubmitProductReviewTest" name="verifySubmitProductReviewSuccessfully" time="6.206"/>
  <testcase classname="com.ecommerce.tests.VerifyPlaceOrderRegistrationWhileCheckoutTest" name="verifyPlaceOrderWithRegistrationDuringCheckout" time="21.229"/>
  <testcase classname="com.ecommerce.tests.RegisterUserWithExistingEmailTest" name="verifyNewUserSignup" time="2.233"/>
  <testcase classname="com.ecommerce.tests.VerifyAddToCartFromRecommendedItemsTest" name="verifyAddToCartFromRecommendedItems" time="1.468"/>
  <testcase classname="com.ecommerce.tests.DownloadInvoiceAfterPurchaseOrderTest" name="verifyInvoiceDownloadAfterPurchase" time="19.517"/>
  <testcase classname="com.ecommerce.tests.RemoveProductsFromCartTest" name="verifyRemoveProductFromCart" time="5.384"/>
  <testcase classname="com.ecommerce.tests.SubscriptionInCartTest" name="verifySubscribeFlowInCart" time="2.399"/>
  <testcase classname="com.ecommerce.tests.VerifyCheckoutAddressAfterRegistrationTest" name="validateDeliveryAndBillingAddressAreSame" time="29.572"/>
  <testcase classname="com.ecommerce.tests.VerifyPageScrollDownAndUpArrowFunctionalityTest" name="verifyPageScrollDownAndUpArrow" time="2.835"/>
  <testcase classname="com.ecommerce.tests.LoginWithInvalidCredentialsTest" name="verifyLoginWithInvalidCredentials" time="2.614"/>
  <testcase classname="com.ecommerce.tests.E_CommerceLogoTest" name="verifyE_CommerceLogoIsVisible" time="0.053"/>
  <testcase classname="com.ecommerce.tests.LoginTest" name="verifyLoginTest" time="10.214"/>
  <testcase classname="com.ecommerce.tests.BrandProductsNavigationTest" name="verifyBrandProductsNavigation" time="6.362"/>
  <testcase classname="com.ecommerce.tests.TestCasesPageNavigationTest" name="verifyNavigationToTestCasesPage" time="4.21"/>
  <testcase classname="com.ecommerce.tests.ProductsPageTest" name="verifyProductDetails" time="5.216"/>
  <testcase classname="com.ecommerce.tests.LogoutTest" name="verifyLoginAndLogoutTest" time="6.905"/>
  <testcase classname="com.ecommerce.tests.AddProductsToCartTest" name="verifyAddProductsToCart" time="3.116"/>
</testsuite> <!-- Test -->
