<?xml version="1.0" encoding="UTF-8"?>
<testng-results ignored="0" total="1" passed="1" failed="0" skipped="0">
  <reporter-output>
  </reporter-output>
  <suite started-at="2025-09-13T22:38:00 IST" name="Default suite" finished-at="2025-09-13T22:38:26 IST" duration-ms="25861">
    <groups>
    </groups>
    <test started-at="2025-09-13T22:38:00 IST" name="Default test" finished-at="2025-09-13T22:38:26 IST" duration-ms="25861">
      <class name="com.ecommerce.tests.SearchProductsAndVerifyCartAfterLoginTest">
        <test-method is-config="true" signature="setUp(java.lang.reflect.Method)[pri:0, instance:com.ecommerce.tests.SearchProductsAndVerifyCartAfterLoginTest@63475ace]" started-at="2025-09-13T22:38:00 IST" name="setUp" finished-at="2025-09-13T22:38:10 IST" duration-ms="9757" status="PASS">
          <params>
            <param index="0">
              <value>
                <![CDATA[public void com.ecommerce.tests.SearchProductsAndVerifyCartAfterLoginTest.searchProducts_AddToCart_VerifyPersistenceAfterLogin()]]>
              </value>
            </param>
          </params>
          <reporter-output>
          </reporter-output>
        </test-method> <!-- setUp -->
        <test-method signature="searchProducts_AddToCart_VerifyPersistenceAfterLogin()[pri:0, instance:com.ecommerce.tests.SearchProductsAndVerifyCartAfterLoginTest@63475ace]" started-at="2025-09-13T22:38:10 IST" name="searchProducts_AddToCart_VerifyPersistenceAfterLogin" finished-at="2025-09-13T22:38:24 IST" duration-ms="14756" status="PASS">
          <reporter-output>
          </reporter-output>
        </test-method> <!-- searchProducts_AddToCart_VerifyPersistenceAfterLogin -->
        <test-method is-config="true" signature="tearDown()[pri:0, instance:com.ecommerce.tests.SearchProductsAndVerifyCartAfterLoginTest@63475ace]" started-at="2025-09-13T22:38:24 IST" name="tearDown" finished-at="2025-09-13T22:38:26 IST" duration-ms="1288" status="PASS">
          <reporter-output>
          </reporter-output>
        </test-method> <!-- tearDown -->
      </class> <!-- com.ecommerce.tests.SearchProductsAndVerifyCartAfterLoginTest -->
    </test> <!-- Default test -->
  </suite> <!-- Default suite -->
</testng-results>
