<?xml version="1.0" encoding="UTF-8"?>
<testng-results ignored="0" total="1" passed="1" failed="0" skipped="0">
  <reporter-output>
  </reporter-output>
  <suite started-at="2025-11-20T07:21:21 IST" name="Default suite" finished-at="2025-11-20T07:22:13 IST" duration-ms="51806">
    <groups>
    </groups>
    <test started-at="2025-11-20T07:21:21 IST" name="Default test" finished-at="2025-11-20T07:22:13 IST" duration-ms="51806">
      <class name="com.ecommerce.tests.VerifyPlaceOrderRegistrationWhileCheckoutTest">
        <test-method is-config="true" signature="setUp(java.lang.reflect.Method)[pri:0, instance:com.ecommerce.tests.VerifyPlaceOrderRegistrationWhileCheckoutTest@43c1b556]" started-at="2025-11-20T07:21:21 IST" name="setUp" finished-at="2025-11-20T07:21:30 IST" duration-ms="9663" status="PASS">
          <params>
            <param index="0">
              <value>
                <![CDATA[public void com.ecommerce.tests.VerifyPlaceOrderRegistrationWhileCheckoutTest.verifyPlaceOrderWithRegistrationDuringCheckout()]]>
              </value>
            </param>
          </params>
          <reporter-output>
          </reporter-output>
        </test-method> <!-- setUp -->
        <test-method signature="verifyPlaceOrderWithRegistrationDuringCheckout()[pri:0, instance:com.ecommerce.tests.VerifyPlaceOrderRegistrationWhileCheckoutTest@43c1b556]" started-at="2025-11-20T07:21:30 IST" name="verifyPlaceOrderWithRegistrationDuringCheckout" finished-at="2025-11-20T07:22:12 IST" duration-ms="41464" status="PASS">
          <reporter-output>
          </reporter-output>
        </test-method> <!-- verifyPlaceOrderWithRegistrationDuringCheckout -->
        <test-method is-config="true" signature="tearDown()[pri:0, instance:com.ecommerce.tests.VerifyPlaceOrderRegistrationWhileCheckoutTest@43c1b556]" started-at="2025-11-20T07:22:12 IST" name="tearDown" finished-at="2025-11-20T07:22:13 IST" duration-ms="622" status="PASS">
          <reporter-output>
          </reporter-output>
        </test-method> <!-- tearDown -->
      </class> <!-- com.ecommerce.tests.VerifyPlaceOrderRegistrationWhileCheckoutTest -->
    </test> <!-- Default test -->
  </suite> <!-- Default suite -->
</testng-results>
