<?xml version="1.0" encoding="UTF-8"?>
<!-- Generated by org.testng.reporters.JUnitReportReporter -->
<testsuite hostname="MuraliKrishna" failures="0" tests="1" name="com.ecommerce.tests.VerifyPlaceOrderRegistrationBeforeCheckoutTest" time="26.548" errors="0" timestamp="2025-09-13T22:35:00 IST" skipped="0">
  <testcase classname="com.ecommerce.tests.VerifyPlaceOrderRegistrationBeforeCheckoutTest" name="verifyPlaceOrderAfterSuccessfulRegistration" time="26.548"/>
</testsuite> <!-- com.ecommerce.tests.VerifyPlaceOrderRegistrationBeforeCheckoutTest -->
