<?xml version="1.0" encoding="UTF-8"?>
<!-- Generated by org.testng.reporters.JUnitReportReporter -->
<testsuite hostname="MuraliKrishna" failures="0" tests="1" name="com.ecommerce.tests.VerifyAddToCartFromRecommendedItemsTest" time="4.948" errors="0" timestamp="2025-09-13T22:35:00 IST" skipped="0">
  <testcase classname="com.ecommerce.tests.VerifyAddToCartFromRecommendedItemsTest" name="verifyAddToCartFromRecommendedItems" time="4.948"/>
</testsuite> <!-- com.ecommerce.tests.VerifyAddToCartFromRecommendedItemsTest -->
