<?xml version="1.0" encoding="UTF-8"?>
<!-- Generated by org.testng.reporters.JUnitReportReporter -->
<testsuite hostname="MuraliKrishna" failures="0" tests="1" name="com.ecommerce.tests.PlaceOrderBeforeRegistrationTest" time="173.739" errors="0" timestamp="2025-09-09T22:59:28 IST" skipped="0">
  <testcase classname="com.ecommerce.tests.PlaceOrderBeforeRegistrationTest" name="verifyPlaceOrderBeforeRegistrationFlow" time="173.739"/>
</testsuite> <!-- com.ecommerce.tests.PlaceOrderBeforeRegistrationTest -->
