<?xml version="1.0" encoding="UTF-8"?>
<!-- Generated by org.testng.reporters.JUnitReportReporter -->
<testsuite hostname="MuraliKrishna" failures="0" tests="1" name="com.ecommerce.tests.SearchProductsAndVerifyCartAfterLoginTest" time="25.801" errors="0" timestamp="2025-09-13T22:38:26 IST" skipped="0">
  <testcase classname="com.ecommerce.tests.SearchProductsAndVerifyCartAfterLoginTest" name="searchProducts_AddToCart_VerifyPersistenceAfterLogin" time="25.801"/>
</testsuite> <!-- com.ecommerce.tests.SearchProductsAndVerifyCartAfterLoginTest -->
