<?xml version="1.0" encoding="UTF-8"?>
<!-- Generated by org.testng.reporters.JUnitReportReporter -->
<testsuite hostname="MuraliKrishna" failures="0" tests="1" name="com.ecommerce.tests.VerifyPlaceOrderRegistrationWhileCheckoutTest" time="51.749" errors="0" timestamp="2025-11-20T07:22:13 IST" skipped="0">
  <testcase classname="com.ecommerce.tests.VerifyPlaceOrderRegistrationWhileCheckoutTest" name="verifyPlaceOrderWithRegistrationDuringCheckout" time="51.749"/>
</testsuite> <!-- com.ecommerce.tests.VerifyPlaceOrderRegistrationWhileCheckoutTest -->
