<?xml version="1.0" encoding="UTF-8"?>
<!-- Generated by org.testng.reporters.JUnitReportReporter -->
<testsuite hostname="MuraliKrishna" failures="0" tests="1" name="com.ecommerce.tests.DownloadInvoiceAfterPurchaseOrderTest" time="23.305" errors="0" timestamp="2025-09-13T22:35:00 IST" skipped="0">
  <testcase classname="com.ecommerce.tests.DownloadInvoiceAfterPurchaseOrderTest" name="verifyInvoiceDownloadAfterPurchase" time="23.305"/>
</testsuite> <!-- com.ecommerce.tests.DownloadInvoiceAfterPurchaseOrderTest -->
